This file contains any messages produced by compilers while
running configure, to aid debugging if configure makes a mistake.

It was created by dash configure 0.5.5.1, which was
generated by GNU Autoconf 2.63.  Invocation command line was

  $ ./configure 

## --------- ##
## Platform. ##
## --------- ##

hostname = x61s
uname -m = i686
uname -r = 2.6.30-gentoo-r5
uname -s = Linux
uname -v = #3 SMP Thu Sep 10 00:11:50 CEST 2009

/usr/bin/uname -p = Intel(R) Core(TM)2 Duo CPU L7500 @ 1.60GHz
/bin/uname -X     = unknown

/bin/arch              = unknown
/usr/bin/arch -k       = unknown
/usr/convex/getsysinfo = unknown
/usr/bin/hostinfo      = unknown
/bin/machine           = unknown
/usr/bin/oslevel       = unknown
/bin/universe          = unknown

PATH: ~/bin
PATH: /usr/local/bin
PATH: /usr/bin
PATH: /bin
PATH: /usr/bin/X11
PATH: /usr/games/bin
PATH: /usr/kde/3.5/bin/


## ----------- ##
## Core tests. ##
## ----------- ##

configure:1885: checking for a BSD-compatible install
configure:1953: result: /usr/bin/install -c
configure:1964: checking whether build environment is sane
configure:2007: result: yes
configure:2069: checking for gawk
configure:2085: found /usr/bin/gawk
configure:2096: result: gawk
configure:2107: checking whether make sets $(MAKE)
configure:2129: result: yes
configure:2362: checking for gcc
configure:2389: result: ../dietlibc/bin/diet gcc
configure:2621: checking for C compiler version
configure:2629: ../dietlibc/bin/diet gcc --version >&5
gcc (Gentoo 4.3.2-r3 p1.6, pie-10.1.5) 4.3.2
Copyright (C) 2008 Free Software Foundation, Inc.
This is free software; see the source for copying conditions.  There is NO
warranty; not even for MERCHANTABILITY or FITNESS FOR A PARTICULAR PURPOSE.

configure:2633: $? = 0
configure:2640: ../dietlibc/bin/diet gcc -v >&5
Using built-in specs.
Target: i686-pc-linux-gnu
Configured with: /var/tmp/portage/sys-devel/gcc-4.3.2-r3/work/gcc-4.3.2/configure --prefix=/usr --bindir=/usr/i686-pc-linux-gnu/gcc-bin/4.3.2 --includedir=/usr/lib/gcc/i686-pc-linux-gnu/4.3.2/include --datadir=/usr/share/gcc-data/i686-pc-linux-gnu/4.3.2 --mandir=/usr/share/gcc-data/i686-pc-linux-gnu/4.3.2/man --infodir=/usr/share/gcc-data/i686-pc-linux-gnu/4.3.2/info --with-gxx-include-dir=/usr/lib/gcc/i686-pc-linux-gnu/4.3.2/include/g++-v4 --host=i686-pc-linux-gnu --build=i686-pc-linux-gnu --disable-altivec --disable-fixed-point --enable-nls --without-included-gettext --with-system-zlib --disable-checking --disable-werror --enable-secureplt --disable-multilib --enable-libmudflap --disable-libssp --enable-libgomp --disable-libgcj --with-arch=i686 --enable-languages=c,c++,objc,obj-c++,treelang,fortran --enable-shared --enable-threads=posix --enable-__cxa_atexit --enable-clocale=gnu --with-bugurl=http://bugs.gentoo.org/ --with-pkgversion='Gentoo 4.3.2-r3 p1.6, pie-10.1.5'
Thread model: posix
gcc version 4.3.2 (Gentoo 4.3.2-r3 p1.6, pie-10.1.5) 
COMPILER_PATH=/usr/libexec/gcc/i686-pc-linux-gnu/4.3.2/:/usr/libexec/gcc/i686-pc-linux-gnu/4.3.2/:/usr/libexec/gcc/i686-pc-linux-gnu/:/usr/lib/gcc/i686-pc-linux-gnu/4.3.2/:/usr/lib/gcc/i686-pc-linux-gnu/:/usr/libexec/gcc/i686-pc-linux-gnu/4.3.2/:/usr/libexec/gcc/i686-pc-linux-gnu/:/usr/lib/gcc/i686-pc-linux-gnu/4.3.2/:/usr/lib/gcc/i686-pc-linux-gnu/:/usr/lib/gcc/i686-pc-linux-gnu/4.3.2/../../../../i686-pc-linux-gnu/bin/
LIBRARY_PATH=/usr/lib/gcc/i686-pc-linux-gnu/4.3.2/:/usr/lib/gcc/i686-pc-linux-gnu/4.3.2/:/usr/lib/gcc/i686-pc-linux-gnu/4.3.2/../../../../i686-pc-linux-gnu/lib/:/usr/lib/gcc/i686-pc-linux-gnu/4.3.2/../../../:/lib/:/usr/lib/
COLLECT_GCC_OPTIONS='-nostdlib' '-static' '-L/home/whats/code/tools/dietlibc/bin-i386' '-v' '-isystem' '/home/whats/code/tools/dietlibc/include' '-D__dietlibc__' '-mtune=generic' '-march=i686'
 /usr/libexec/gcc/i686-pc-linux-gnu/4.3.2/collect2 -m elf_i386 -static -L/home/whats/code/tools/dietlibc/bin-i386 -L/usr/lib/gcc/i686-pc-linux-gnu/4.3.2 -L/usr/lib/gcc/i686-pc-linux-gnu/4.3.2 -L/usr/lib/gcc/i686-pc-linux-gnu/4.3.2/../../../../i686-pc-linux-gnu/lib -L/usr/lib/gcc/i686-pc-linux-gnu/4.3.2/../../.. /home/whats/code/tools/dietlibc/bin-i386/start.o /home/whats/code/tools/dietlibc/bin-i386/dietlibc.a -lgcc
/home/whats/code/tools/dietlibc/bin-i386/dietlibc.a(stackgap.o): In function `stackgap':
stackgap.c:(.text+0xa7): undefined reference to `main'
collect2: ld returned 1 exit status
configure:2644: $? = 1
configure:2651: ../dietlibc/bin/diet gcc -V >&5
gcc: '-V' option must have argument
configure:2655: $? = 1
configure:2678: checking for C compiler default output file name
configure:2700: ../dietlibc/bin/diet gcc    conftest.c  >&5
configure:2704: $? = 0
configure:2742: result: a.out
configure:2761: checking whether the C compiler works
configure:2771: ./a.out
configure:2775: $? = 0
configure:2794: result: yes
configure:2801: checking whether we are cross compiling
configure:2803: result: no
configure:2806: checking for suffix of executables
configure:2813: ../dietlibc/bin/diet gcc -o conftest    conftest.c  >&5
configure:2817: $? = 0
configure:2843: result: 
configure:2849: checking for suffix of object files
configure:2875: ../dietlibc/bin/diet gcc -c   conftest.c >&5
configure:2879: $? = 0
configure:2904: result: o
configure:2908: checking whether we are using the GNU C compiler
configure:2937: ../dietlibc/bin/diet gcc -c   conftest.c >&5
configure:2944: $? = 0
configure:2961: result: yes
configure:2970: checking whether ../dietlibc/bin/diet gcc accepts -g
configure:3000: ../dietlibc/bin/diet gcc -c -g  conftest.c >&5
configure:3007: $? = 0
configure:3108: result: yes
configure:3125: checking for ../dietlibc/bin/diet gcc option to accept ISO C89
configure:3199: ../dietlibc/bin/diet gcc  -c   conftest.c >&5
configure:3206: $? = 0
configure:3229: result: none needed
configure:3258: checking for style of include used by make
configure:3286: result: GNU
configure:3314: checking dependency style of ../dietlibc/bin/diet gcc
configure:3404: result: gcc3
configure:3427: checking how to run the C preprocessor
configure:3467: ../dietlibc/bin/diet gcc -E  conftest.c
configure:3474: $? = 0
configure:3505: ../dietlibc/bin/diet gcc -E  conftest.c
conftest.c:10:28: error: ac_nonexistent.h: No such file or directory
configure:3512: $? = 1
configure: failed program was:
| /* confdefs.h.  */
| #define PACKAGE_NAME "dash"
| #define PACKAGE_TARNAME "dash"
| #define PACKAGE_VERSION "0.5.5.1"
| #define PACKAGE_STRING "dash 0.5.5.1"
| #define PACKAGE_BUGREPORT ""
| #define PACKAGE "dash"
| #define VERSION "0.5.5.1"
| /* end confdefs.h.  */
| #include <ac_nonexistent.h>
configure:3545: result: ../dietlibc/bin/diet gcc -E
configure:3574: ../dietlibc/bin/diet gcc -E  conftest.c
configure:3581: $? = 0
configure:3612: ../dietlibc/bin/diet gcc -E  conftest.c
conftest.c:10:28: error: ac_nonexistent.h: No such file or directory
configure:3619: $? = 1
configure: failed program was:
| /* confdefs.h.  */
| #define PACKAGE_NAME "dash"
| #define PACKAGE_TARNAME "dash"
| #define PACKAGE_VERSION "0.5.5.1"
| #define PACKAGE_STRING "dash 0.5.5.1"
| #define PACKAGE_BUGREPORT ""
| #define PACKAGE "dash"
| #define VERSION "0.5.5.1"
| /* end confdefs.h.  */
| #include <ac_nonexistent.h>
configure:3659: checking for grep that handles long lines and -e
configure:3719: result: /bin/grep
configure:3724: checking for egrep
configure:3788: result: /bin/grep -E
configure:3793: checking for ANSI C header files
configure:3823: ../dietlibc/bin/diet gcc -c   conftest.c >&5
configure:3830: $? = 0
configure:3929: ../dietlibc/bin/diet gcc -o conftest    conftest.c  >&5
configure:3933: $? = 0
configure:3939: ./conftest
configure:3943: $? = 0
configure:3961: result: yes
configure:3985: checking for sys/types.h
configure:4006: ../dietlibc/bin/diet gcc -c   conftest.c >&5
configure:4013: $? = 0
configure:4030: result: yes
configure:3985: checking for sys/stat.h
configure:4006: ../dietlibc/bin/diet gcc -c   conftest.c >&5
configure:4013: $? = 0
configure:4030: result: yes
configure:3985: checking for stdlib.h
configure:4006: ../dietlibc/bin/diet gcc -c   conftest.c >&5
configure:4013: $? = 0
configure:4030: result: yes
configure:3985: checking for string.h
configure:4006: ../dietlibc/bin/diet gcc -c   conftest.c >&5
configure:4013: $? = 0
configure:4030: result: yes
configure:3985: checking for memory.h
configure:4006: ../dietlibc/bin/diet gcc -c   conftest.c >&5
configure:4013: $? = 0
configure:4030: result: yes
configure:3985: checking for strings.h
configure:4006: ../dietlibc/bin/diet gcc -c   conftest.c >&5
configure:4013: $? = 0
configure:4030: result: yes
configure:3985: checking for inttypes.h
configure:4006: ../dietlibc/bin/diet gcc -c   conftest.c >&5
configure:4013: $? = 0
configure:4030: result: yes
configure:3985: checking for stdint.h
configure:4006: ../dietlibc/bin/diet gcc -c   conftest.c >&5
configure:4013: $? = 0
configure:4030: result: yes
configure:3985: checking for unistd.h
configure:4006: ../dietlibc/bin/diet gcc -c   conftest.c >&5
configure:4013: $? = 0
configure:4030: result: yes
configure:4055: checking minix/config.h usability
configure:4072: ../dietlibc/bin/diet gcc -c   conftest.c >&5
conftest.c:53:26: error: minix/config.h: No such file or directory
configure:4079: $? = 1
configure: failed program was:
| /* confdefs.h.  */
| #define PACKAGE_NAME "dash"
| #define PACKAGE_TARNAME "dash"
| #define PACKAGE_VERSION "0.5.5.1"
| #define PACKAGE_STRING "dash 0.5.5.1"
| #define PACKAGE_BUGREPORT ""
| #define PACKAGE "dash"
| #define VERSION "0.5.5.1"
| #define STDC_HEADERS 1
| #define HAVE_SYS_TYPES_H 1
| #define HAVE_SYS_STAT_H 1
| #define HAVE_STDLIB_H 1
| #define HAVE_STRING_H 1
| #define HAVE_MEMORY_H 1
| #define HAVE_STRINGS_H 1
| #define HAVE_INTTYPES_H 1
| #define HAVE_STDINT_H 1
| #define HAVE_UNISTD_H 1
| /* end confdefs.h.  */
| #include <stdio.h>
| #ifdef HAVE_SYS_TYPES_H
| # include <sys/types.h>
| #endif
| #ifdef HAVE_SYS_STAT_H
| # include <sys/stat.h>
| #endif
| #ifdef STDC_HEADERS
| # include <stdlib.h>
| # include <stddef.h>
| #else
| # ifdef HAVE_STDLIB_H
| #  include <stdlib.h>
| # endif
| #endif
| #ifdef HAVE_STRING_H
| # if !defined STDC_HEADERS && defined HAVE_MEMORY_H
| #  include <memory.h>
| # endif
| # include <string.h>
| #endif
| #ifdef HAVE_STRINGS_H
| # include <strings.h>
| #endif
| #ifdef HAVE_INTTYPES_H
| # include <inttypes.h>
| #endif
| #ifdef HAVE_STDINT_H
| # include <stdint.h>
| #endif
| #ifdef HAVE_UNISTD_H
| # include <unistd.h>
| #endif
| #include <minix/config.h>
configure:4093: result: no
configure:4097: checking minix/config.h presence
configure:4112: ../dietlibc/bin/diet gcc -E  conftest.c
conftest.c:20:26: error: minix/config.h: No such file or directory
configure:4119: $? = 1
configure: failed program was:
| /* confdefs.h.  */
| #define PACKAGE_NAME "dash"
| #define PACKAGE_TARNAME "dash"
| #define PACKAGE_VERSION "0.5.5.1"
| #define PACKAGE_STRING "dash 0.5.5.1"
| #define PACKAGE_BUGREPORT ""
| #define PACKAGE "dash"
| #define VERSION "0.5.5.1"
| #define STDC_HEADERS 1
| #define HAVE_SYS_TYPES_H 1
| #define HAVE_SYS_STAT_H 1
| #define HAVE_STDLIB_H 1
| #define HAVE_STRING_H 1
| #define HAVE_MEMORY_H 1
| #define HAVE_STRINGS_H 1
| #define HAVE_INTTYPES_H 1
| #define HAVE_STDINT_H 1
| #define HAVE_UNISTD_H 1
| /* end confdefs.h.  */
| #include <minix/config.h>
configure:4133: result: no
configure:4161: checking for minix/config.h
configure:4168: result: no
configure:4199: checking whether it is safe to define __EXTENSIONS__
configure:4227: ../dietlibc/bin/diet gcc -c   conftest.c >&5
configure:4234: $? = 0
configure:4249: result: yes
configure:4277: checking for bison
configure:4293: found /usr/bin/bison
configure:4304: result: bison -y
configure:4317: checking for build system compiler
configure:4324: result: ../dietlibc/bin/diet gcc
configure:4328: checking for __attribute__((__alias__()))
configure:4353: ../dietlibc/bin/diet gcc -o conftest    conftest.c  >&5
configure:4360: $? = 0
configure:4379: result: yes
configure:4426: checking alloca.h usability
configure:4443: ../dietlibc/bin/diet gcc -c   conftest.c >&5
configure:4450: $? = 0
configure:4464: result: yes
configure:4468: checking alloca.h presence
configure:4483: ../dietlibc/bin/diet gcc -E  conftest.c
configure:4490: $? = 0
configure:4504: result: yes
configure:4532: checking for alloca.h
configure:4541: result: yes
configure:4577: checking for bsearch
configure:4633: ../dietlibc/bin/diet gcc -o conftest    conftest.c  >&5
configure:4640: $? = 0
configure:4662: result: yes
configure:4577: checking for getpwnam
configure:4633: ../dietlibc/bin/diet gcc -o conftest    conftest.c  >&5
configure:4640: $? = 0
configure:4662: result: yes
configure:4577: checking for getrlimit
configure:4633: ../dietlibc/bin/diet gcc -o conftest    conftest.c  >&5
configure:4640: $? = 0
configure:4662: result: yes
configure:4577: checking for imaxdiv
configure:4633: ../dietlibc/bin/diet gcc -o conftest    conftest.c  >&5
/tmp/ccKpGXxB.o: In function `main':
conftest.c:(.text+0x12): undefined reference to `imaxdiv'
collect2: ld returned 1 exit status
configure:4640: $? = 1
configure: failed program was:
| /* confdefs.h.  */
| #define PACKAGE_NAME "dash"
| #define PACKAGE_TARNAME "dash"
| #define PACKAGE_VERSION "0.5.5.1"
| #define PACKAGE_STRING "dash 0.5.5.1"
| #define PACKAGE_BUGREPORT ""
| #define PACKAGE "dash"
| #define VERSION "0.5.5.1"
| #define STDC_HEADERS 1
| #define HAVE_SYS_TYPES_H 1
| #define HAVE_SYS_STAT_H 1
| #define HAVE_STDLIB_H 1
| #define HAVE_STRING_H 1
| #define HAVE_MEMORY_H 1
| #define HAVE_STRINGS_H 1
| #define HAVE_INTTYPES_H 1
| #define HAVE_STDINT_H 1
| #define HAVE_UNISTD_H 1
| #define __EXTENSIONS__ 1
| #define _ALL_SOURCE 1
| #define _GNU_SOURCE 1
| #define _POSIX_PTHREAD_SEMANTICS 1
| #define _TANDEM_SOURCE 1
| #define HAVE_ALIAS_ATTRIBUTE 1
| #define HAVE_ALLOCA_H 1
| #define HAVE_BSEARCH 1
| #define HAVE_GETPWNAM 1
| #define HAVE_GETRLIMIT 1
| /* end confdefs.h.  */
| /* Define imaxdiv to an innocuous variant, in case <limits.h> declares imaxdiv.
|    For example, HP-UX 11i <limits.h> declares gettimeofday.  */
| #define imaxdiv innocuous_imaxdiv
| 
| /* System header to define __stub macros and hopefully few prototypes,
|     which can conflict with char imaxdiv (); below.
|     Prefer <limits.h> to <assert.h> if __STDC__ is defined, since
|     <limits.h> exists even on freestanding compilers.  */
| 
| #ifdef __STDC__
| # include <limits.h>
| #else
| # include <assert.h>
| #endif
| 
| #undef imaxdiv
| 
| /* Override any GCC internal prototype to avoid an error.
|    Use char because int might match the return type of a GCC
|    builtin and then its argument prototype would still apply.  */
| #ifdef __cplusplus
| extern "C"
| #endif
| char imaxdiv ();
| /* The GNU C library defines this for functions which it implements
|     to always fail with ENOSYS.  Some functions are actually named
|     something starting with __ and the normal name is an alias.  */
| #if defined __stub_imaxdiv || defined __stub___imaxdiv
| choke me
| #endif
| 
| int
| main ()
| {
| return imaxdiv ();
|   ;
|   return 0;
| }
configure:4662: result: no
configure:4577: checking for isalpha
configure:4633: ../dietlibc/bin/diet gcc -o conftest    conftest.c  >&5
conftest.c:53: warning: conflicting types for built-in function 'isalpha'
configure:4640: $? = 0
configure:4662: result: yes
configure:4577: checking for killpg
configure:4633: ../dietlibc/bin/diet gcc -o conftest    conftest.c  >&5
configure:4640: $? = 0
configure:4662: result: yes
configure:4577: checking for mempcpy
configure:4633: ../dietlibc/bin/diet gcc -o conftest    conftest.c  >&5
conftest.c:55: warning: conflicting types for built-in function 'mempcpy'
/tmp/ccMueANo.o: In function `main':
conftest.c:(.text+0x12): undefined reference to `mempcpy'
collect2: ld returned 1 exit status
configure:4640: $? = 1
configure: failed program was:
| /* confdefs.h.  */
| #define PACKAGE_NAME "dash"
| #define PACKAGE_TARNAME "dash"
| #define PACKAGE_VERSION "0.5.5.1"
| #define PACKAGE_STRING "dash 0.5.5.1"
| #define PACKAGE_BUGREPORT ""
| #define PACKAGE "dash"
| #define VERSION "0.5.5.1"
| #define STDC_HEADERS 1
| #define HAVE_SYS_TYPES_H 1
| #define HAVE_SYS_STAT_H 1
| #define HAVE_STDLIB_H 1
| #define HAVE_STRING_H 1
| #define HAVE_MEMORY_H 1
| #define HAVE_STRINGS_H 1
| #define HAVE_INTTYPES_H 1
| #define HAVE_STDINT_H 1
| #define HAVE_UNISTD_H 1
| #define __EXTENSIONS__ 1
| #define _ALL_SOURCE 1
| #define _GNU_SOURCE 1
| #define _POSIX_PTHREAD_SEMANTICS 1
| #define _TANDEM_SOURCE 1
| #define HAVE_ALIAS_ATTRIBUTE 1
| #define HAVE_ALLOCA_H 1
| #define HAVE_BSEARCH 1
| #define HAVE_GETPWNAM 1
| #define HAVE_GETRLIMIT 1
| #define HAVE_ISALPHA 1
| #define HAVE_KILLPG 1
| /* end confdefs.h.  */
| /* Define mempcpy to an innocuous variant, in case <limits.h> declares mempcpy.
|    For example, HP-UX 11i <limits.h> declares gettimeofday.  */
| #define mempcpy innocuous_mempcpy
| 
| /* System header to define __stub macros and hopefully few prototypes,
|     which can conflict with char mempcpy (); below.
|     Prefer <limits.h> to <assert.h> if __STDC__ is defined, since
|     <limits.h> exists even on freestanding compilers.  */
| 
| #ifdef __STDC__
| # include <limits.h>
| #else
| # include <assert.h>
| #endif
| 
| #undef mempcpy
| 
| /* Override any GCC internal prototype to avoid an error.
|    Use char because int might match the return type of a GCC
|    builtin and then its argument prototype would still apply.  */
| #ifdef __cplusplus
| extern "C"
| #endif
| char mempcpy ();
| /* The GNU C library defines this for functions which it implements
|     to always fail with ENOSYS.  Some functions are actually named
|     something starting with __ and the normal name is an alias.  */
| #if defined __stub_mempcpy || defined __stub___mempcpy
| choke me
| #endif
| 
| int
| main ()
| {
| return mempcpy ();
|   ;
|   return 0;
| }
configure:4662: result: no
configure:4577: checking for sigsetmask
configure:4633: ../dietlibc/bin/diet gcc -o conftest    conftest.c  >&5
/tmp/cccHoxFk.o: In function `main':
conftest.c:(.text+0x12): undefined reference to `sigsetmask'
collect2: ld returned 1 exit status
configure:4640: $? = 1
configure: failed program was:
| /* confdefs.h.  */
| #define PACKAGE_NAME "dash"
| #define PACKAGE_TARNAME "dash"
| #define PACKAGE_VERSION "0.5.5.1"
| #define PACKAGE_STRING "dash 0.5.5.1"
| #define PACKAGE_BUGREPORT ""
| #define PACKAGE "dash"
| #define VERSION "0.5.5.1"
| #define STDC_HEADERS 1
| #define HAVE_SYS_TYPES_H 1
| #define HAVE_SYS_STAT_H 1
| #define HAVE_STDLIB_H 1
| #define HAVE_STRING_H 1
| #define HAVE_MEMORY_H 1
| #define HAVE_STRINGS_H 1
| #define HAVE_INTTYPES_H 1
| #define HAVE_STDINT_H 1
| #define HAVE_UNISTD_H 1
| #define __EXTENSIONS__ 1
| #define _ALL_SOURCE 1
| #define _GNU_SOURCE 1
| #define _POSIX_PTHREAD_SEMANTICS 1
| #define _TANDEM_SOURCE 1
| #define HAVE_ALIAS_ATTRIBUTE 1
| #define HAVE_ALLOCA_H 1
| #define HAVE_BSEARCH 1
| #define HAVE_GETPWNAM 1
| #define HAVE_GETRLIMIT 1
| #define HAVE_ISALPHA 1
| #define HAVE_KILLPG 1
| /* end confdefs.h.  */
| /* Define sigsetmask to an innocuous variant, in case <limits.h> declares sigsetmask.
|    For example, HP-UX 11i <limits.h> declares gettimeofday.  */
| #define sigsetmask innocuous_sigsetmask
| 
| /* System header to define __stub macros and hopefully few prototypes,
|     which can conflict with char sigsetmask (); below.
|     Prefer <limits.h> to <assert.h> if __STDC__ is defined, since
|     <limits.h> exists even on freestanding compilers.  */
| 
| #ifdef __STDC__
| # include <limits.h>
| #else
| # include <assert.h>
| #endif
| 
| #undef sigsetmask
| 
| /* Override any GCC internal prototype to avoid an error.
|    Use char because int might match the return type of a GCC
|    builtin and then its argument prototype would still apply.  */
| #ifdef __cplusplus
| extern "C"
| #endif
| char sigsetmask ();
| /* The GNU C library defines this for functions which it implements
|     to always fail with ENOSYS.  Some functions are actually named
|     something starting with __ and the normal name is an alias.  */
| #if defined __stub_sigsetmask || defined __stub___sigsetmask
| choke me
| #endif
| 
| int
| main ()
| {
| return sigsetmask ();
|   ;
|   return 0;
| }
configure:4662: result: no
configure:4577: checking for stpcpy
configure:4633: ../dietlibc/bin/diet gcc -o conftest    conftest.c  >&5
conftest.c:55: warning: conflicting types for built-in function 'stpcpy'
/tmp/ccUdCNcs.o: In function `main':
conftest.c:(.text+0x12): undefined reference to `stpcpy'
collect2: ld returned 1 exit status
configure:4640: $? = 1
configure: failed program was:
| /* confdefs.h.  */
| #define PACKAGE_NAME "dash"
| #define PACKAGE_TARNAME "dash"
| #define PACKAGE_VERSION "0.5.5.1"
| #define PACKAGE_STRING "dash 0.5.5.1"
| #define PACKAGE_BUGREPORT ""
| #define PACKAGE "dash"
| #define VERSION "0.5.5.1"
| #define STDC_HEADERS 1
| #define HAVE_SYS_TYPES_H 1
| #define HAVE_SYS_STAT_H 1
| #define HAVE_STDLIB_H 1
| #define HAVE_STRING_H 1
| #define HAVE_MEMORY_H 1
| #define HAVE_STRINGS_H 1
| #define HAVE_INTTYPES_H 1
| #define HAVE_STDINT_H 1
| #define HAVE_UNISTD_H 1
| #define __EXTENSIONS__ 1
| #define _ALL_SOURCE 1
| #define _GNU_SOURCE 1
| #define _POSIX_PTHREAD_SEMANTICS 1
| #define _TANDEM_SOURCE 1
| #define HAVE_ALIAS_ATTRIBUTE 1
| #define HAVE_ALLOCA_H 1
| #define HAVE_BSEARCH 1
| #define HAVE_GETPWNAM 1
| #define HAVE_GETRLIMIT 1
| #define HAVE_ISALPHA 1
| #define HAVE_KILLPG 1
| /* end confdefs.h.  */
| /* Define stpcpy to an innocuous variant, in case <limits.h> declares stpcpy.
|    For example, HP-UX 11i <limits.h> declares gettimeofday.  */
| #define stpcpy innocuous_stpcpy
| 
| /* System header to define __stub macros and hopefully few prototypes,
|     which can conflict with char stpcpy (); below.
|     Prefer <limits.h> to <assert.h> if __STDC__ is defined, since
|     <limits.h> exists even on freestanding compilers.  */
| 
| #ifdef __STDC__
| # include <limits.h>
| #else
| # include <assert.h>
| #endif
| 
| #undef stpcpy
| 
| /* Override any GCC internal prototype to avoid an error.
|    Use char because int might match the return type of a GCC
|    builtin and then its argument prototype would still apply.  */
| #ifdef __cplusplus
| extern "C"
| #endif
| char stpcpy ();
| /* The GNU C library defines this for functions which it implements
|     to always fail with ENOSYS.  Some functions are actually named
|     something starting with __ and the normal name is an alias.  */
| #if defined __stub_stpcpy || defined __stub___stpcpy
| choke me
| #endif
| 
| int
| main ()
| {
| return stpcpy ();
|   ;
|   return 0;
| }
configure:4662: result: no
configure:4577: checking for strchrnul
configure:4633: ../dietlibc/bin/diet gcc -o conftest    conftest.c  >&5
/tmp/ccKsiuTG.o: In function `main':
conftest.c:(.text+0x12): undefined reference to `strchrnul'
collect2: ld returned 1 exit status
configure:4640: $? = 1
configure: failed program was:
| /* confdefs.h.  */
| #define PACKAGE_NAME "dash"
| #define PACKAGE_TARNAME "dash"
| #define PACKAGE_VERSION "0.5.5.1"
| #define PACKAGE_STRING "dash 0.5.5.1"
| #define PACKAGE_BUGREPORT ""
| #define PACKAGE "dash"
| #define VERSION "0.5.5.1"
| #define STDC_HEADERS 1
| #define HAVE_SYS_TYPES_H 1
| #define HAVE_SYS_STAT_H 1
| #define HAVE_STDLIB_H 1
| #define HAVE_STRING_H 1
| #define HAVE_MEMORY_H 1
| #define HAVE_STRINGS_H 1
| #define HAVE_INTTYPES_H 1
| #define HAVE_STDINT_H 1
| #define HAVE_UNISTD_H 1
| #define __EXTENSIONS__ 1
| #define _ALL_SOURCE 1
| #define _GNU_SOURCE 1
| #define _POSIX_PTHREAD_SEMANTICS 1
| #define _TANDEM_SOURCE 1
| #define HAVE_ALIAS_ATTRIBUTE 1
| #define HAVE_ALLOCA_H 1
| #define HAVE_BSEARCH 1
| #define HAVE_GETPWNAM 1
| #define HAVE_GETRLIMIT 1
| #define HAVE_ISALPHA 1
| #define HAVE_KILLPG 1
| /* end confdefs.h.  */
| /* Define strchrnul to an innocuous variant, in case <limits.h> declares strchrnul.
|    For example, HP-UX 11i <limits.h> declares gettimeofday.  */
| #define strchrnul innocuous_strchrnul
| 
| /* System header to define __stub macros and hopefully few prototypes,
|     which can conflict with char strchrnul (); below.
|     Prefer <limits.h> to <assert.h> if __STDC__ is defined, since
|     <limits.h> exists even on freestanding compilers.  */
| 
| #ifdef __STDC__
| # include <limits.h>
| #else
| # include <assert.h>
| #endif
| 
| #undef strchrnul
| 
| /* Override any GCC internal prototype to avoid an error.
|    Use char because int might match the return type of a GCC
|    builtin and then its argument prototype would still apply.  */
| #ifdef __cplusplus
| extern "C"
| #endif
| char strchrnul ();
| /* The GNU C library defines this for functions which it implements
|     to always fail with ENOSYS.  Some functions are actually named
|     something starting with __ and the normal name is an alias.  */
| #if defined __stub_strchrnul || defined __stub___strchrnul
| choke me
| #endif
| 
| int
| main ()
| {
| return strchrnul ();
|   ;
|   return 0;
| }
configure:4662: result: no
configure:4577: checking for strsignal
configure:4633: ../dietlibc/bin/diet gcc -o conftest    conftest.c  >&5
configure:4640: $? = 0
configure:4662: result: yes
configure:4577: checking for strtod
configure:4633: ../dietlibc/bin/diet gcc -o conftest    conftest.c  >&5
configure:4640: $? = 0
configure:4662: result: yes
configure:4577: checking for strtoimax
configure:4633: ../dietlibc/bin/diet gcc -o conftest    conftest.c  >&5
configure:4640: $? = 0
configure:4662: result: yes
configure:4577: checking for strtoumax
configure:4633: ../dietlibc/bin/diet gcc -o conftest    conftest.c  >&5
configure:4640: $? = 0
configure:4662: result: yes
configure:4577: checking for sysconf
configure:4633: ../dietlibc/bin/diet gcc -o conftest    conftest.c  >&5
configure:4640: $? = 0
configure:4662: result: yes
configure:4884: checking for signal
configure:4940: ../dietlibc/bin/diet gcc -o conftest    conftest.c  >&5
configure:4947: $? = 0
configure:4967: result: yes
configure:5066: checking for stat64
configure:5122: ../dietlibc/bin/diet gcc -o conftest    conftest.c  >&5
configure:5129: $? = 0
configure:5149: result: yes
configure:5174: checking for open64
configure:5230: ../dietlibc/bin/diet gcc -o conftest    conftest.c  >&5
configure:5237: $? = 0
configure:5257: result: yes
configure:5613: creating ./config.status

## ---------------------- ##
## Running config.status. ##
## ---------------------- ##

This file was extended by dash config.status 0.5.5.1, which was
generated by GNU Autoconf 2.63.  Invocation command line was

  CONFIG_FILES    = 
  CONFIG_HEADERS  = 
  CONFIG_LINKS    = 
  CONFIG_COMMANDS = 
  $ ./config.status 

on x61s

config.status:788: creating Makefile
config.status:788: creating src/Makefile
config.status:788: creating config.h
config.status:1004: config.h is unchanged
config.status:1055: executing depfiles commands

## ---------------- ##
## Cache variables. ##
## ---------------- ##

ac_cv_c_compiler_gnu=yes
ac_cv_env_CC_set=set
ac_cv_env_CC_value='../dietlibc/bin/diet gcc'
ac_cv_env_CFLAGS_set=set
ac_cv_env_CFLAGS_value=
ac_cv_env_CPPFLAGS_set=
ac_cv_env_CPPFLAGS_value=
ac_cv_env_CPP_set=
ac_cv_env_CPP_value=
ac_cv_env_LDFLAGS_set=
ac_cv_env_LDFLAGS_value=
ac_cv_env_LIBS_set=
ac_cv_env_LIBS_value=
ac_cv_env_YACC_set=
ac_cv_env_YACC_value=
ac_cv_env_YFLAGS_set=
ac_cv_env_YFLAGS_value=
ac_cv_env_build_alias_set=
ac_cv_env_build_alias_value=
ac_cv_env_host_alias_set=
ac_cv_env_host_alias_value=
ac_cv_env_target_alias_set=
ac_cv_env_target_alias_value=
ac_cv_func_bsearch=yes
ac_cv_func_getpwnam=yes
ac_cv_func_getrlimit=yes
ac_cv_func_imaxdiv=no
ac_cv_func_isalpha=yes
ac_cv_func_killpg=yes
ac_cv_func_mempcpy=no
ac_cv_func_open64=yes
ac_cv_func_signal=yes
ac_cv_func_sigsetmask=no
ac_cv_func_stat64=yes
ac_cv_func_stpcpy=no
ac_cv_func_strchrnul=no
ac_cv_func_strsignal=yes
ac_cv_func_strtod=yes
ac_cv_func_strtoimax=yes
ac_cv_func_strtoumax=yes
ac_cv_func_sysconf=yes
ac_cv_header_alloca_h=yes
ac_cv_header_inttypes_h=yes
ac_cv_header_memory_h=yes
ac_cv_header_minix_config_h=no
ac_cv_header_stdc=yes
ac_cv_header_stdint_h=yes
ac_cv_header_stdlib_h=yes
ac_cv_header_string_h=yes
ac_cv_header_strings_h=yes
ac_cv_header_sys_stat_h=yes
ac_cv_header_sys_types_h=yes
ac_cv_header_unistd_h=yes
ac_cv_objext=o
ac_cv_path_EGREP='/bin/grep -E'
ac_cv_path_GREP=/bin/grep
ac_cv_path_install='/usr/bin/install -c'
ac_cv_prog_AWK=gawk
ac_cv_prog_CPP='../dietlibc/bin/diet gcc -E'
ac_cv_prog_YACC='bison -y'
ac_cv_prog_ac_ct_CC='../dietlibc/bin/diet gcc'
ac_cv_prog_cc_c89=
ac_cv_prog_cc_g=yes
ac_cv_prog_make_make_set=yes
ac_cv_safe_to_define___extensions__=yes
am_cv_CC_dependencies_compiler_type=gcc3
dash_cv_have_attribute_alias=yes

## ----------------- ##
## Output variables. ##
## ----------------- ##

ACLOCAL='${SHELL} /home/whats/code/tools/dash/missing --run aclocal-1.9'
AMDEPBACKSLASH='\'
AMDEP_FALSE='#'
AMDEP_TRUE=''
AMTAR='${SHELL} /home/whats/code/tools/dash/missing --run tar'
AUTOCONF='${SHELL} /home/whats/code/tools/dash/missing --run autoconf'
AUTOHEADER='${SHELL} /home/whats/code/tools/dash/missing --run autoheader'
AUTOMAKE='${SHELL} /home/whats/code/tools/dash/missing --run automake-1.9'
AWK='gawk'
CC='../dietlibc/bin/diet gcc'
CCDEPMODE='depmode=gcc3'
CC_FOR_BUILD='../dietlibc/bin/diet gcc'
CFLAGS=''
CPP='../dietlibc/bin/diet gcc -E'
CPPFLAGS=''
CYGPATH_W='echo'
DEFS='-DHAVE_CONFIG_H'
DEPDIR='.deps'
ECHO_C=''
ECHO_N='-n'
ECHO_T=''
EGREP='/bin/grep -E'
EXEEXT=''
GREP='/bin/grep'
INSTALL_DATA='${INSTALL} -m 644'
INSTALL_PROGRAM='${INSTALL}'
INSTALL_SCRIPT='${INSTALL}'
INSTALL_STRIP_PROGRAM='${SHELL} $(install_sh) -c -s'
LDFLAGS=''
LIBOBJS=''
LIBS=''
LTLIBOBJS=''
MAKEINFO='${SHELL} /home/whats/code/tools/dash/missing --run makeinfo'
OBJEXT='o'
PACKAGE='dash'
PACKAGE_BUGREPORT=''
PACKAGE_NAME='dash'
PACKAGE_STRING='dash 0.5.5.1'
PACKAGE_TARNAME='dash'
PACKAGE_VERSION='0.5.5.1'
PATH_SEPARATOR=':'
SET_MAKE=''
SHELL='/bin/sh'
STRIP=''
VERSION='0.5.5.1'
YACC='bison -y'
YFLAGS=''
ac_ct_CC='../dietlibc/bin/diet gcc'
am__fastdepCC_FALSE='#'
am__fastdepCC_TRUE=''
am__include='include'
am__leading_dot='.'
am__quote=''
am__tar='${AMTAR} chof - "$$tardir"'
am__untar='${AMTAR} xf -'
bindir='${exec_prefix}/bin'
build_alias=''
datadir='${datarootdir}'
datarootdir='${prefix}/share'
docdir='${datarootdir}/doc/${PACKAGE_TARNAME}'
dvidir='${docdir}'
exec_prefix='${prefix}'
host_alias=''
htmldir='${docdir}'
includedir='${prefix}/include'
infodir='${datarootdir}/info'
install_sh='/home/whats/code/tools/dash/install-sh'
libdir='${exec_prefix}/lib'
libexecdir='${exec_prefix}/libexec'
localedir='${datarootdir}/locale'
localstatedir='${prefix}/var'
mandir='${datarootdir}/man'
mkdir_p='mkdir -p --'
oldincludedir='/usr/include'
pdfdir='${docdir}'
prefix='/usr/local'
program_transform_name='s,x,x,'
psdir='${docdir}'
sbindir='${exec_prefix}/sbin'
sharedstatedir='${prefix}/com'
sysconfdir='${prefix}/etc'
target_alias=''

## ----------- ##
## confdefs.h. ##
## ----------- ##

#define PACKAGE_NAME "dash"
#define PACKAGE_TARNAME "dash"
#define PACKAGE_VERSION "0.5.5.1"
#define PACKAGE_STRING "dash 0.5.5.1"
#define PACKAGE_BUGREPORT ""
#define PACKAGE "dash"
#define VERSION "0.5.5.1"
#define STDC_HEADERS 1
#define HAVE_SYS_TYPES_H 1
#define HAVE_SYS_STAT_H 1
#define HAVE_STDLIB_H 1
#define HAVE_STRING_H 1
#define HAVE_MEMORY_H 1
#define HAVE_STRINGS_H 1
#define HAVE_INTTYPES_H 1
#define HAVE_STDINT_H 1
#define HAVE_UNISTD_H 1
#define __EXTENSIONS__ 1
#define _ALL_SOURCE 1
#define _GNU_SOURCE 1
#define _POSIX_PTHREAD_SEMANTICS 1
#define _TANDEM_SOURCE 1
#define HAVE_ALIAS_ATTRIBUTE 1
#define HAVE_ALLOCA_H 1
#define HAVE_BSEARCH 1
#define HAVE_GETPWNAM 1
#define HAVE_GETRLIMIT 1
#define HAVE_ISALPHA 1
#define HAVE_KILLPG 1
#define HAVE_STRSIGNAL 1
#define HAVE_STRTOD 1
#define HAVE_STRTOIMAX 1
#define HAVE_STRTOUMAX 1
#define HAVE_SYSCONF 1
#define SMALL 1

configure: exit 0
